<?xml version='1.0' encoding='UTF-8' ?>
<testsuite tests="0" failures="0" errors="0" skipped="0" time="1.787415780366E9" timestamp="2026-08-22T16:23:00" hostname="localhost">
  <properties>
    <property name="device" value="SM-T505 - 12" />
    <property name="flavor" value="" />
    <property name="project" value=":document-engine" />
  </properties>
  <system-err>Exception thrown during onBeforeAll invocation of plugin AndroidTestApkInstallerPlugin: ErrorName: INSTALL_FAILED_VERIFICATION_FAILURE
NameSpace: DdmlibAndroidDeviceController
ErrorCode: 1
ErrorType: TEST
Message: Failed to install split APK(s): [C:\Antigravity\NotesAPP\android\document-engine\build\outputs\apk\androidTest\debug\document-engine-debug-androidTest.apk]
Failed to install split APK(s): [C:\Antigravity\NotesAPP\android\document-engine\build\outputs\apk\androidTest\debug\document-engine-debug-androidTest.apk]
Failed to commit install session 1902821699 with command package install-commit 1902821699. Error: INSTALL_FAILED_VERIFICATION_FAILURE: Package Verification Result
com.android.ddmlib.InstallException: Failed to commit install session 1902821699 with command package install-commit 1902821699. Error: INSTALL_FAILED_VERIFICATION_FAILURE: Package Verification Result
	at com.android.ddmlib.SplitApkInstallerBase.installCommit(SplitApkInstallerBase.java:171)
	at com.android.ddmlib.SplitApkInstaller.install(SplitApkInstaller.java:85)
	at com.android.ddmlib.IDeviceSharedImpl.installPackages(IDeviceSharedImpl.java:395)
	at com.android.ddmlib.internal.DeviceImpl.lambda$installPackages$34(DeviceImpl.java:1491)
	at com.android.ddmlib.internal.DeviceImpl.logRun3(DeviceImpl.java:1833)
	at com.android.ddmlib.internal.DeviceImpl.installPackages(DeviceImpl.java:1488)
	at com.android.ddmlib.internal.DeviceImpl.lambda$installPackages$35(DeviceImpl.java:1503)
	at com.android.ddmlib.internal.DeviceImpl.logRun3(DeviceImpl.java:1833)
	at com.android.ddmlib.internal.DeviceImpl.installPackages(DeviceImpl.java:1499)
	at com.android.tools.utp.plugins.deviceprovider.ddmlib.DdmlibAndroidDevice.installPackages(DdmlibAndroidDevice.kt:74)
	at com.android.tools.utp.plugins.deviceprovider.ddmlib.DdmlibAndroidDeviceController$executeAsync$deferred$1.invokeSuspend(DdmlibAndroidDeviceController.kt:259)
	at kotlin.coroutines.jvm.internal.BaseContinuationImpl.resumeWith(ContinuationImpl.kt:33)
	at kotlinx.coroutines.DispatchedTask.run(DispatchedTask.kt:106)
	at kotlinx.coroutines.scheduling.CoroutineScheduler.runSafely(CoroutineScheduler.kt:570)
	at kotlinx.coroutines.scheduling.CoroutineScheduler$Worker.executeTask(CoroutineScheduler.kt:749)
	at kotlinx.coroutines.scheduling.CoroutineScheduler$Worker.runWorker(CoroutineScheduler.kt:677)
	at kotlinx.coroutines.scheduling.CoroutineScheduler$Worker.run(CoroutineScheduler.kt:664)

</system-err>
</testsuite>