<?xml version="1.0" encoding="UTF-8"?>
<testsuite name="com.notes.school.remote.RetryPolicyTest" tests="7" skipped="0" failures="0" errors="0" timestamp="2026-08-22T14:27:23" hostname="DESKTOP-5LP1CJ6" time="0.004">
  <properties/>
  <testcase name="jitterMakesTwoRetriesDifferSoRequestsDoNotSynchronize" classname="com.notes.school.remote.RetryPolicyTest" time="0.001"/>
  <testcase name="aRateLimitIsRetriedAfterTheServerSuppliedDelay" classname="com.notes.school.remote.RetryPolicyTest" time="0.0"/>
  <testcase name="anAuthFailureIsNotRetriedBecauseRetryingCannotFixIt" classname="com.notes.school.remote.RetryPolicyTest" time="0.0"/>
  <testcase name="delayGrowsExponentiallyWithTheAttemptNumber" classname="com.notes.school.remote.RetryPolicyTest" time="0.001"/>
  <testcase name="offlineAndSleepingBackendsAreWorthRetrying" classname="com.notes.school.remote.RetryPolicyTest" time="0.0"/>
  <testcase name="theDelayIsNeverNegativeOrZero" classname="com.notes.school.remote.RetryPolicyTest" time="0.001"/>
  <testcase name="delayIsCappedSoAWokenBackendIsNoticedWithinAMinute" classname="com.notes.school.remote.RetryPolicyTest" time="0.0"/>
  <system-out><![CDATA[]]></system-out>
  <system-err><![CDATA[]]></system-err>
</testsuite>
