<?xml version="1.0" encoding="UTF-8"?>
<testsuite name="com.notes.school.remote.RemoteJobQueueTest" tests="11" skipped="0" failures="0" errors="0" timestamp="2026-08-22T14:27:19" hostname="DESKTOP-5LP1CJ6" time="3.588">
  <properties/>
  <testcase name="retriesStopAfterTheMaximumAttemptCount" classname="com.notes.school.remote.RemoteJobQueueTest" time="2.944"/>
  <testcase name="anOfflineFailureKeepsTheJobQueuedAndSchedulesARetry" classname="com.notes.school.remote.RemoteJobQueueTest" time="0.103"/>
  <testcase name="anAuthFailureStopsRetryingImmediately" classname="com.notes.school.remote.RemoteJobQueueTest" time="0.062"/>
  <testcase name="runDueSubmitsAndRecordsTheRemoteId" classname="com.notes.school.remote.RemoteJobQueueTest" time="0.059"/>
  <testcase name="submissionIsIdempotentOnceARemoteIdExists" classname="com.notes.school.remote.RemoteJobQueueTest" time="0.083"/>
  <testcase name="anEnqueuedJobIsPersistedBeforeAnyNetworkCall" classname="com.notes.school.remote.RemoteJobQueueTest" time="0.059"/>
  <testcase name="cancellingAJobStopsItLocallyAndRemotely" classname="com.notes.school.remote.RemoteJobQueueTest" time="0.057"/>
  <testcase name="aJobWithoutConsentIsNeverSubmitted" classname="com.notes.school.remote.RemoteJobQueueTest" time="0.045"/>
  <testcase name="aSleepingBackendIsRetriedRatherThanFailed" classname="com.notes.school.remote.RemoteJobQueueTest" time="0.058"/>
  <testcase name="aSucceededJobStoresItsResultReference" classname="com.notes.school.remote.RemoteJobQueueTest" time="0.066"/>
  <testcase name="aJobIsNotRetriedBeforeItsScheduledTime" classname="com.notes.school.remote.RemoteJobQueueTest" time="0.049"/>
  <system-out><![CDATA[]]></system-out>
  <system-err><![CDATA[]]></system-err>
</testsuite>
