<?xml version="1.0" encoding="UTF-8"?>
<testsuite name="com.notes.school.storage.DaoTest" tests="10" skipped="0" failures="0" errors="0" timestamp="2026-08-22T14:27:18" hostname="DESKTOP-5LP1CJ6" time="3.704">
  <properties/>
  <testcase name="deletingADocumentCascadesToPagesAndStrokes" classname="com.notes.school.storage.DaoTest" time="3.129"/>
  <testcase name="strokeSurvivesARoundTripWithEveryFieldIntact" classname="com.notes.school.storage.DaoTest" time="0.106"/>
  <testcase name="inactiveStrokesAreStoredButExcludedFromTheActiveQuery" classname="com.notes.school.storage.DaoTest" time="0.071"/>
  <testcase name="missingRowsReturnNullRatherThanThrowing" classname="com.notes.school.storage.DaoTest" time="0.053"/>
  <testcase name="onlyOneStablePalmProfileExistsPerDeviceAndOrientation" classname="com.notes.school.storage.DaoTest" time="0.054"/>
  <testcase name="favoritesQueryReturnsOnlyFavoritedUntrashedDocuments" classname="com.notes.school.storage.DaoTest" time="0.049"/>
  <testcase name="strokesComeBackInCreationOrder" classname="com.notes.school.storage.DaoTest" time="0.049"/>
  <testcase name="recentDocumentsAreOrderedByUpdatedAtDescending" classname="com.notes.school.storage.DaoTest" time="0.049"/>
  <testcase name="writingAStrokeBatchIsASingleTransaction" classname="com.notes.school.storage.DaoTest" time="0.063"/>
  <testcase name="trashedDocumentsAreHiddenFromTheFolderListingButStillReadable" classname="com.notes.school.storage.DaoTest" time="0.081"/>
  <system-out><![CDATA[]]></system-out>
  <system-err><![CDATA[]]></system-err>
</testsuite>
