<?xml version="1.0" encoding="UTF-8"?>
<testsuite name="com.notes.school.storage.RecoveryTest" tests="3" skipped="0" failures="0" errors="0" timestamp="2026-08-22T14:27:23" hostname="DESKTOP-5LP1CJ6" time="0.136">
  <properties/>
  <testcase name="committedStrokesAreNeverDiscardedByRecovery" classname="com.notes.school.storage.RecoveryTest" time="0.06"/>
  <testcase name="recoveryIsIdempotent" classname="com.notes.school.storage.RecoveryTest" time="0.04"/>
  <testcase name="recoveryLeavesAHealthyDatabaseUntouched" classname="com.notes.school.storage.RecoveryTest" time="0.036"/>
  <system-out><![CDATA[]]></system-out>
  <system-err><![CDATA[]]></system-err>
</testsuite>
