<?xml version="1.0" encoding="UTF-8"?>
<testsuite name="com.notes.school.document.PageBitmapCacheTest" tests="6" skipped="0" failures="0" errors="0" timestamp="2026-08-22T00:26:28" hostname="DESKTOP-5LP1CJ6" time="2.271">
  <properties/>
  <testcase name="missingKeysReturnNull" classname="com.notes.school.document.PageBitmapCacheTest" time="2.077"/>
  <testcase name="trimToFractionShrinksTheCacheUnderMemoryPressure" classname="com.notes.school.document.PageBitmapCacheTest" time="0.094"/>
  <testcase name="evictAllEmptiesTheCache" classname="com.notes.school.document.PageBitmapCacheTest" time="0.025"/>
  <testcase name="theLeastRecentlyUsedTileIsEvictedFirst" classname="com.notes.school.document.PageBitmapCacheTest" time="0.023"/>
  <testcase name="theCacheNeverExceedsItsByteBudget" classname="com.notes.school.document.PageBitmapCacheTest" time="0.032"/>
  <testcase name="storedTilesComeBackByKey" classname="com.notes.school.document.PageBitmapCacheTest" time="0.02"/>
  <system-out><![CDATA[]]></system-out>
  <system-err><![CDATA[]]></system-err>
</testsuite>
