<?xml version="1.0" encoding="UTF-8"?>
<testsuite name="com.notes.school.ui.editor.EditorScreenTest" tests="6" skipped="0" failures="0" errors="0" timestamp="2026-08-22T14:27:27" hostname="DESKTOP-5LP1CJ6" time="0.303">
  <properties/>
  <testcase name="thePalmIndicatorIsTheOnlyPersistentPalmAffordance" classname="com.notes.school.ui.editor.EditorScreenTest" time="0.079"/>
  <testcase name="theBackControlReturnsToTheFileOverview" classname="com.notes.school.ui.editor.EditorScreenTest" time="0.06"/>
  <testcase name="theInkSurfaceFillsTheWorkspaceBesideTheRail" classname="com.notes.school.ui.editor.EditorScreenTest" time="0.044"/>
  <testcase name="lowConfidenceKeepsWritingAvailableAndOffersRecalibrationAsASuggestion" classname="com.notes.school.ui.editor.EditorScreenTest" time="0.042"/>
  <testcase name="thePalmIndicatorReflectsARejection" classname="com.notes.school.ui.editor.EditorScreenTest" time="0.036"/>
  <testcase name="theBackControlShowsTheFilenameWithALeadingChevron" classname="com.notes.school.ui.editor.EditorScreenTest" time="0.042"/>
  <system-out><![CDATA[]]></system-out>
  <system-err><![CDATA[Invalid ID 0x00000000.
Invalid ID 0x00000000.
Invalid ID 0x00000000.
Invalid ID 0x00000000.
Invalid ID 0x00000000.
Invalid ID 0x00000000.
]]></system-err>
</testsuite>
