<?xml version="1.0" encoding="UTF-8"?>
<testsuite name="com.notes.school.ui.ThemeTest" tests="5" skipped="0" failures="0" errors="0" timestamp="2026-08-22T14:27:26" hostname="DESKTOP-5LP1CJ6" time="0.174">
  <properties/>
  <testcase name="themeSuppliesADarkMaterialColorScheme" classname="com.notes.school.ui.ThemeTest" time="0.036"/>
  <testcase name="glassSurfaceRendersItsContent" classname="com.notes.school.ui.ThemeTest" time="0.036"/>
  <testcase name="glassSettingsAreReadableFromTheCompositionLocal" classname="com.notes.school.ui.ThemeTest" time="0.035"/>
  <testcase name="theWorkspaceIsDarkAndThePageIsWhite" classname="com.notes.school.ui.ThemeTest" time="0.031"/>
  <testcase name="reducedTransparencyStillRendersTheSameContent" classname="com.notes.school.ui.ThemeTest" time="0.035"/>
  <system-out><![CDATA[]]></system-out>
  <system-err><![CDATA[Invalid ID 0x00000000.
Invalid ID 0x00000000.
Invalid ID 0x00000000.
Invalid ID 0x00000000.
Invalid ID 0x00000000.
]]></system-err>
</testsuite>
