<?xml version="1.0" encoding="UTF-8"?>
<testsuite name="com.notes.school.ui.NavigationTest" tests="3" skipped="0" failures="0" errors="0" timestamp="2026-08-22T14:27:24" hostname="DESKTOP-5LP1CJ6" time="2.539">
  <properties/>
  <testcase name="theSidebarSettingsEntryOpensTheSettingsScreen" classname="com.notes.school.ui.NavigationTest" time="2.446"/>
  <testcase name="theAppStartsOnTheFileOverview" classname="com.notes.school.ui.NavigationTest" time="0.064"/>
  <testcase name="editorRouteBuildsWithTheDocumentId" classname="com.notes.school.ui.NavigationTest" time="0.029"/>
  <system-out><![CDATA[]]></system-out>
  <system-err><![CDATA[Invalid ID 0x00000000.
Invalid ID 0x00000000.
Invalid ID 0x00000000.
]]></system-err>
</testsuite>
