<?xml version="1.0" encoding="UTF-8"?>
<testsuite name="com.notes.school.ui.files.FilesScreenTest" tests="8" skipped="0" failures="0" errors="0" timestamp="2026-08-22T14:27:27" hostname="DESKTOP-5LP1CJ6" time="0.644">
  <properties/>
  <testcase name="anEmptySectionShowsAnEmptyStateInsteadOfABlankPane" classname="com.notes.school.ui.files.FilesScreenTest" time="0.056"/>
  <testcase name="theSidebarShowsEverySection" classname="com.notes.school.ui.files.FilesScreenTest" time="0.14"/>
  <testcase name="selectingASidebarSectionReportsIt" classname="com.notes.school.ui.files.FilesScreenTest" time="0.049"/>
  <testcase name="folderCardsAreListedBeforeRecentDocuments" classname="com.notes.school.ui.files.FilesScreenTest" time="0.064"/>
  <testcase name="tappingADocumentOpensIt" classname="com.notes.school.ui.files.FilesScreenTest" time="0.057"/>
  <testcase name="everySidebarEntryMeetsTheMinimumTouchTarget" classname="com.notes.school.ui.files.FilesScreenTest" time="0.046"/>
  <testcase name="typingInTheSearchFieldReportsTheQuery" classname="com.notes.school.ui.files.FilesScreenTest" time="0.123"/>
  <testcase name="creatingANewDocumentReportsTheChosenPaperKind" classname="com.notes.school.ui.files.FilesScreenTest" time="0.109"/>
  <system-out><![CDATA[]]></system-out>
  <system-err><![CDATA[Invalid ID 0x00000000.
Invalid ID 0x00000000.
Invalid ID 0x00000000.
Invalid ID 0x00000000.
Invalid ID 0x00000000.
Invalid ID 0x00000000.
Invalid ID 0x00000000.
Invalid ID 0x00000000.
]]></system-err>
</testsuite>
