<?xml version="1.0" encoding="UTF-8"?>
<testsuite name="com.notes.school.storage.DaoTest" tests="10" skipped="0" failures="0" errors="0" timestamp="2026-08-22T00:26:34" hostname="DESKTOP-5LP1CJ6" time="2.185">
  <properties/>
  <testcase name="deletingADocumentCascadesToPagesAndStrokes" classname="com.notes.school.storage.DaoTest" time="1.849"/>
  <testcase name="strokeSurvivesARoundTripWithEveryFieldIntact" classname="com.notes.school.storage.DaoTest" time="0.044"/>
  <testcase name="inactiveStrokesAreStoredButExcludedFromTheActiveQuery" classname="com.notes.school.storage.DaoTest" time="0.039"/>
  <testcase name="missingRowsReturnNullRatherThanThrowing" classname="com.notes.school.storage.DaoTest" time="0.034"/>
  <testcase name="onlyOneStablePalmProfileExistsPerDeviceAndOrientation" classname="com.notes.school.storage.DaoTest" time="0.031"/>
  <testcase name="favoritesQueryReturnsOnlyFavoritedUntrashedDocuments" classname="com.notes.school.storage.DaoTest" time="0.037"/>
  <testcase name="strokesComeBackInCreationOrder" classname="com.notes.school.storage.DaoTest" time="0.04"/>
  <testcase name="recentDocumentsAreOrderedByUpdatedAtDescending" classname="com.notes.school.storage.DaoTest" time="0.034"/>
  <testcase name="writingAStrokeBatchIsASingleTransaction" classname="com.notes.school.storage.DaoTest" time="0.038"/>
  <testcase name="trashedDocumentsAreHiddenFromTheFolderListingButStillReadable" classname="com.notes.school.storage.DaoTest" time="0.038"/>
  <system-out><![CDATA[]]></system-out>
  <system-err><![CDATA[]]></system-err>
</testsuite>
