<?xml version="1.0" encoding="UTF-8"?>
<testsuite name="com.notes.school.storage.DocumentRepositoryTest" tests="11" skipped="0" failures="0" errors="0" timestamp="2026-08-22T00:26:36" hostname="DESKTOP-5LP1CJ6" time="0.401">
  <properties/>
  <testcase name="creatingADocumentAlsoCreatesItsFirstPage" classname="com.notes.school.storage.DocumentRepositoryTest" time="0.058"/>
  <testcase name="closingTheRepositoryStopsAcceptingWorkWithoutLosingWhatWasFlushed" classname="com.notes.school.storage.DocumentRepositoryTest" time="0.034"/>
  <testcase name="strokesAlreadyWrittenSurviveAProcessRestart" classname="com.notes.school.storage.DocumentRepositoryTest" time="0.032"/>
  <testcase name="strokesReloadInTheirOriginalOrder" classname="com.notes.school.storage.DocumentRepositoryTest" time="0.032"/>
  <testcase name="anEraseIsPersistedAsAnActiveFlagChangeNotADelete" classname="com.notes.school.storage.DocumentRepositoryTest" time="0.04"/>
  <testcase name="queueStrokeDoesNotBlockTheCaller" classname="com.notes.school.storage.DocumentRepositoryTest" time="0.048"/>
  <testcase name="persistingAStrokeBumpsTheDocumentTimestamp" classname="com.notes.school.storage.DocumentRepositoryTest" time="0.031"/>
  <testcase name="viewportStateIsSavedPerPage" classname="com.notes.school.storage.DocumentRepositoryTest" time="0.029"/>
  <testcase name="flushForcesEverythingPendingToDiskImmediately" classname="com.notes.school.storage.DocumentRepositoryTest" time="0.033"/>
  <testcase name="aQueuedStrokeReachesTheDatabaseWithinTheFlushInterval" classname="com.notes.school.storage.DocumentRepositoryTest" time="0.039"/>
  <testcase name="createDocumentHonoursTheRequestedPageCount" classname="com.notes.school.storage.DocumentRepositoryTest" time="0.024"/>
  <system-out><![CDATA[]]></system-out>
  <system-err><![CDATA[]]></system-err>
</testsuite>
