<?xml version="1.0" encoding="UTF-8"?>
<testsuite name="com.notes.school.storage.MappersTest" tests="4" skipped="0" failures="0" errors="0" timestamp="2026-08-22T00:26:36" hostname="DESKTOP-5LP1CJ6" time="0.01">
  <properties/>
  <testcase name="templatePageSourceRoundTrips" classname="com.notes.school.storage.MappersTest" time="0.006"/>
  <testcase name="pdfPageSourceRoundTripsWithItsIndex" classname="com.notes.school.storage.MappersTest" time="0.001"/>
  <testcase name="viewportStateSurvivesTheRoundTrip" classname="com.notes.school.storage.MappersTest" time="0.0"/>
  <testcase name="strokePointsAreStoredAsAnEncodedBlobNotAsText" classname="com.notes.school.storage.MappersTest" time="0.003"/>
  <system-out><![CDATA[]]></system-out>
  <system-err><![CDATA[]]></system-err>
</testsuite>
