<?xml version="1.0" encoding="UTF-8"?>
<testsuite name="com.notes.school.storage.SchemaHistoryTest" tests="2" skipped="0" failures="0" errors="0" timestamp="2026-08-22T00:26:36" hostname="DESKTOP-5LP1CJ6" time="0.003">
  <properties/>
  <testcase name="aMigrationExistsForEveryVersionStep" classname="com.notes.school.storage.SchemaHistoryTest" time="0.001"/>
  <testcase name="everyReleasedVersionHasACommittedSchema" classname="com.notes.school.storage.SchemaHistoryTest" time="0.002"/>
  <system-out><![CDATA[]]></system-out>
  <system-err><![CDATA[]]></system-err>
</testsuite>
