<?xml version="1.0" encoding="UTF-8"?>
<testsuite name="com.notes.school.ink.InkSceneTest" tests="12" skipped="0" failures="0" errors="0" timestamp="2026-08-22T14:27:18" hostname="DESKTOP-5LP1CJ6" time="0.069">
  <properties/>
  <testcase name="undoOfAddRemovesStrokeAndRedoRestoresIt" classname="com.notes.school.ink.InkSceneTest" time="0.05"/>
  <testcase name="translateMovesPointsAndBoundsAndIsUndoable" classname="com.notes.school.ink.InkSceneTest" time="0.002"/>
  <testcase name="addedStrokeCarriesComputedBounds" classname="com.notes.school.ink.InkSceneTest" time="0.004"/>
  <testcase name="undoOnEmptyHistoryReturnsNull" classname="com.notes.school.ink.InkSceneTest" time="0.001"/>
  <testcase name="eraseDeactivatesOnlyStrokesWithinRadius" classname="com.notes.school.ink.InkSceneTest" time="0.003"/>
  <testcase name="addedStrokesGetIncreasingOrder" classname="com.notes.school.ink.InkSceneTest" time="0.003"/>
  <testcase name="eraseIsLogicalAndKeepsDataForRecovery" classname="com.notes.school.ink.InkSceneTest" time="0.001"/>
  <testcase name="sceneRestoredFromStoredStrokesKeepsOrderAndActiveState" classname="com.notes.school.ink.InkSceneTest" time="0.0"/>
  <testcase name="lassoSelectsOnlyFullyEnclosedStrokes" classname="com.notes.school.ink.InkSceneTest" time="0.001"/>
  <testcase name="undoOfEraseReactivatesExactlyTheErasedStrokes" classname="com.notes.school.ink.InkSceneTest" time="0.0"/>
  <testcase name="newActionClearsRedoStack" classname="com.notes.school.ink.InkSceneTest" time="0.001"/>
  <testcase name="changeReportsDirtyBoundsCoveringAffectedStrokes" classname="com.notes.school.ink.InkSceneTest" time="0.0"/>
  <system-out><![CDATA[]]></system-out>
  <system-err><![CDATA[]]></system-err>
</testsuite>
