<?xml version="1.0" encoding="UTF-8"?>
<testsuite name="com.notes.school.ink.PointBufferTest" tests="5" skipped="0" failures="0" errors="0" timestamp="2026-08-22T14:27:23" hostname="DESKTOP-5LP1CJ6" time="0.0">
  <properties/>
  <testcase name="bufferGrowsBeyondInitialCapacity" classname="com.notes.school.ink.PointBufferTest" time="0.0"/>
  <testcase name="boundsWithIncludesHalfTheStrokeWidth" classname="com.notes.school.ink.PointBufferTest" time="0.0"/>
  <testcase name="clearResetsCountButKeepsTheAllocatedArray" classname="com.notes.school.ink.PointBufferTest" time="0.0"/>
  <testcase name="toStrokePointsProducesTheRecordedSamples" classname="com.notes.school.ink.PointBufferTest" time="0.0"/>
  <testcase name="addStoresCoordinatesContiguously" classname="com.notes.school.ink.PointBufferTest" time="0.0"/>
  <system-out><![CDATA[]]></system-out>
  <system-err><![CDATA[]]></system-err>
</testsuite>
