<?xml version="1.0" encoding="UTF-8"?>
<testsuite name="com.notes.school.ink.StrokeRendererTest" tests="8" skipped="0" failures="0" errors="0" timestamp="2026-08-22T14:27:23" hostname="DESKTOP-5LP1CJ6" time="0.205">
  <properties/>
  <testcase name="highlighterIsDrawnTranslucent" classname="com.notes.school.ink.StrokeRendererTest" time="0.082"/>
  <testcase name="leavesUntouchedPixelsAlone" classname="com.notes.school.ink.StrokeRendererTest" time="0.021"/>
  <testcase name="drawLiveRendersFromRawBufferWithoutStrokeObjects" classname="com.notes.school.ink.StrokeRendererTest" time="0.015"/>
  <testcase name="inactiveStrokesAreNeverDrawn" classname="com.notes.school.ink.StrokeRendererTest" time="0.017"/>
  <testcase name="drawsStrokeInItsColor" classname="com.notes.school.ink.StrokeRendererTest" time="0.015"/>
  <testcase name="clipRestrictsDrawingToTheGivenBounds" classname="com.notes.school.ink.StrokeRendererTest" time="0.018"/>
  <testcase name="drawLiveWithZeroPointsDoesNothing" classname="com.notes.school.ink.StrokeRendererTest" time="0.016"/>
  <testcase name="drawLiveWithSinglePointDrawsADot" classname="com.notes.school.ink.StrokeRendererTest" time="0.02"/>
  <system-out><![CDATA[]]></system-out>
  <system-err><![CDATA[]]></system-err>
</testsuite>
