<?xml version="1.0" encoding="UTF-8"?>
<testsuite name="com.notes.school.remote.RemoteJobQueueTest" tests="11" skipped="0" failures="0" errors="0" timestamp="2026-08-22T00:26:34" hostname="DESKTOP-5LP1CJ6" time="2.138">
  <properties/>
  <testcase name="retriesStopAfterTheMaximumAttemptCount" classname="com.notes.school.remote.RemoteJobQueueTest" time="1.769"/>
  <testcase name="anOfflineFailureKeepsTheJobQueuedAndSchedulesARetry" classname="com.notes.school.remote.RemoteJobQueueTest" time="0.041"/>
  <testcase name="anAuthFailureStopsRetryingImmediately" classname="com.notes.school.remote.RemoteJobQueueTest" time="0.04"/>
  <testcase name="runDueSubmitsAndRecordsTheRemoteId" classname="com.notes.school.remote.RemoteJobQueueTest" time="0.042"/>
  <testcase name="submissionIsIdempotentOnceARemoteIdExists" classname="com.notes.school.remote.RemoteJobQueueTest" time="0.039"/>
  <testcase name="anEnqueuedJobIsPersistedBeforeAnyNetworkCall" classname="com.notes.school.remote.RemoteJobQueueTest" time="0.031"/>
  <testcase name="cancellingAJobStopsItLocallyAndRemotely" classname="com.notes.school.remote.RemoteJobQueueTest" time="0.036"/>
  <testcase name="aJobWithoutConsentIsNeverSubmitted" classname="com.notes.school.remote.RemoteJobQueueTest" time="0.033"/>
  <testcase name="aSleepingBackendIsRetriedRatherThanFailed" classname="com.notes.school.remote.RemoteJobQueueTest" time="0.038"/>
  <testcase name="aSucceededJobStoresItsResultReference" classname="com.notes.school.remote.RemoteJobQueueTest" time="0.038"/>
  <testcase name="aJobIsNotRetriedBeforeItsScheduledTime" classname="com.notes.school.remote.RemoteJobQueueTest" time="0.031"/>
  <system-out><![CDATA[]]></system-out>
  <system-err><![CDATA[]]></system-err>
</testsuite>
