<?xml version="1.0" encoding="UTF-8"?>
<testsuite name="com.notes.school.touch.ProfileTunerTest" tests="11" skipped="0" failures="0" errors="0" timestamp="2026-08-22T14:27:38" hostname="DESKTOP-5LP1CJ6" time="0.034">
  <properties/>
  <testcase name="candidateThresholdsAlwaysStayInsideTheCalibratedSafeRanges" classname="com.notes.school.touch.ProfileTunerTest" time="0.019"/>
  <testcase name="aCandidateThatScoresWorseOnStoredSamplesIsRejected" classname="com.notes.school.touch.ProfileTunerTest" time="0.005"/>
  <testcase name="observationsAreClearedBetweenSessions" classname="com.notes.school.touch.ProfileTunerTest" time="0.0"/>
  <testcase name="candidateThresholdsNeverDriftFurtherThanTheConfiguredFraction" classname="com.notes.school.touch.ProfileTunerTest" time="0.008"/>
  <testcase name="enoughHighConfidenceObservationsProduceACandidateWithABumpedRevision" classname="com.notes.school.touch.ProfileTunerTest" time="0.001"/>
  <testcase name="lockedButLowConfidenceContactsAreAlsoIgnored" classname="com.notes.school.touch.ProfileTunerTest" time="0.0"/>
  <testcase name="uncertainContactsAreNeverRecordedAsObservations" classname="com.notes.school.touch.ProfileTunerTest" time="0.0"/>
  <testcase name="theStableProfileRemainsAvailableAfterACandidateIsProduced" classname="com.notes.school.touch.ProfileTunerTest" time="0.0"/>
  <testcase name="observationsCarryNoInkOrDocumentReference" classname="com.notes.school.touch.ProfileTunerTest" time="0.0"/>
  <testcase name="repeatedDegradationRestoresTheLastStableProfile" classname="com.notes.school.touch.ProfileTunerTest" time="0.001"/>
  <testcase name="tooFewObservationsProduceNoCandidate" classname="com.notes.school.touch.ProfileTunerTest" time="0.0"/>
  <system-out><![CDATA[]]></system-out>
  <system-err><![CDATA[]]></system-err>
</testsuite>
