<?xml version="1.0" encoding="UTF-8"?>
<testsuite name="com.notes.school.core.PalmProfileTest" tests="7" skipped="0" failures="0" errors="0" timestamp="2026-08-22T00:28:49" hostname="DESKTOP-5LP1CJ6" time="0.036">
  <properties/>
  <testcase name="defaultProfileDefinesEverySafeRangeAndThreshold" classname="com.notes.school.core.PalmProfileTest" time="0.034"/>
  <testcase name="thresholdsWithReturnsANewInstanceAndLeavesTheOriginalAlone" classname="com.notes.school.core.PalmProfileTest" time="0.0"/>
  <testcase name="safeRangeClampsBothDirections" classname="com.notes.school.core.PalmProfileTest" time="0.001"/>
  <testcase name="defaultProfileIsNotMarkedStableUntilCalibrated" classname="com.notes.school.core.PalmProfileTest" time="0.0"/>
  <testcase name="withThresholdsClampsValuesIntoTheirSafeRange" classname="com.notes.school.core.PalmProfileTest" time="0.001"/>
  <testcase name="withThresholdsKeepsInRangeValuesUnchanged" classname="com.notes.school.core.PalmProfileTest" time="0.0"/>
  <testcase name="penBiasSafeRangeIsSymmetricAndBounded" classname="com.notes.school.core.PalmProfileTest" time="0.0"/>
  <system-out><![CDATA[]]></system-out>
  <system-err><![CDATA[]]></system-err>
</testsuite>
