<?xml version="1.0" encoding="UTF-8"?>
<testsuite name="com.notes.school.core.DocumentsTest" tests="6" skipped="0" failures="0" errors="0" timestamp="2026-08-22T00:28:49" hostname="DESKTOP-5LP1CJ6" time="0.07">
  <properties/>
  <testcase name="boundsOfPointsCoversAllPointsPlusPadding" classname="com.notes.school.core.DocumentsTest" time="0.024"/>
  <testcase name="unionExpandsToCoverBoth" classname="com.notes.school.core.DocumentsTest" time="0.0"/>
  <testcase name="boundsOfEmptyPointsIsEmptyAtOrigin" classname="com.notes.school.core.DocumentsTest" time="0.001"/>
  <testcase name="strokeDefaultsToActive" classname="com.notes.school.core.DocumentsTest" time="0.035"/>
  <testcase name="newIdIsUniqueAcrossCalls" classname="com.notes.school.core.DocumentsTest" time="0.01"/>
  <testcase name="intersectsIsTrueOnOverlapAndFalseOnGap" classname="com.notes.school.core.DocumentsTest" time="0.0"/>
  <system-out><![CDATA[]]></system-out>
  <system-err><![CDATA[]]></system-err>
</testsuite>
