<?xml version="1.0" encoding="UTF-8"?>
<testsuite name="com.notes.school.core.RemoteDtosTest" tests="4" skipped="0" failures="0" errors="0" timestamp="2026-08-22T00:28:49" hostname="DESKTOP-5LP1CJ6" time="0.045">
  <properties/>
  <testcase name="anUnknownFieldInAServerResponseDoesNotBreakDecoding" classname="com.notes.school.core.RemoteDtosTest" time="0.026"/>
  <testcase name="jobStatusCarriesEitherAResultOrAnError" classname="com.notes.school.core.RemoteDtosTest" time="0.001"/>
  <testcase name="noDtoFieldCanCarryARawDocumentOrToken" classname="com.notes.school.core.RemoteDtosTest" time="0.01"/>
  <testcase name="aJobRequestSerializesWithItsSchemaVersion" classname="com.notes.school.core.RemoteDtosTest" time="0.008"/>
  <system-out><![CDATA[]]></system-out>
  <system-err><![CDATA[]]></system-err>
</testsuite>
