<?xml version="1.0" encoding="UTF-8"?>
<testsuite name="com.notes.school.document.PageBitmapCacheTest" tests="6" skipped="0" failures="0" errors="0" timestamp="2026-08-22T14:27:18" hostname="DESKTOP-5LP1CJ6" time="2.59">
  <properties/>
  <testcase name="missingKeysReturnNull" classname="com.notes.school.document.PageBitmapCacheTest" time="2.351"/>
  <testcase name="trimToFractionShrinksTheCacheUnderMemoryPressure" classname="com.notes.school.document.PageBitmapCacheTest" time="0.103"/>
  <testcase name="evictAllEmptiesTheCache" classname="com.notes.school.document.PageBitmapCacheTest" time="0.032"/>
  <testcase name="theLeastRecentlyUsedTileIsEvictedFirst" classname="com.notes.school.document.PageBitmapCacheTest" time="0.048"/>
  <testcase name="theCacheNeverExceedsItsByteBudget" classname="com.notes.school.document.PageBitmapCacheTest" time="0.027"/>
  <testcase name="storedTilesComeBackByKey" classname="com.notes.school.document.PageBitmapCacheTest" time="0.028"/>
  <system-out><![CDATA[]]></system-out>
  <system-err><![CDATA[]]></system-err>
</testsuite>
