<?xml version="1.0" encoding="UTF-8"?>
<testsuite name="com.notes.school.ink.SegmentsTest" tests="6" skipped="0" failures="0" errors="0" timestamp="2026-08-22T00:26:29" hostname="DESKTOP-5LP1CJ6" time="0.001">
  <properties/>
  <testcase name="distanceClampsToNearestEndpointBeyondSegment" classname="com.notes.school.ink.SegmentsTest" time="0.001"/>
  <testcase name="polygonContainsInteriorPoint" classname="com.notes.school.ink.SegmentsTest" time="0.0"/>
  <testcase name="perpendicularDistanceToMiddleOfSegment" classname="com.notes.school.ink.SegmentsTest" time="0.0"/>
  <testcase name="degenerateSegmentBehavesLikePointDistance" classname="com.notes.school.ink.SegmentsTest" time="0.0"/>
  <testcase name="polygonRejectsExteriorPoint" classname="com.notes.school.ink.SegmentsTest" time="0.0"/>
  <testcase name="polygonWithFewerThanThreePointsContainsNothing" classname="com.notes.school.ink.SegmentsTest" time="0.0"/>
  <system-out><![CDATA[]]></system-out>
  <system-err><![CDATA[]]></system-err>
</testsuite>
