<?xml version='1.0' encoding='UTF-8' ?>
<testsuite name="com.notes.school.CrashRecoveryTest" tests="7" failures="1" errors="0" skipped="0" time="7.036" timestamp="2026-08-22T16:23:45" hostname="localhost">
  <properties>
    <property name="device" value="SM-T505 - 12" />
    <property name="flavor" value="" />
    <property name="project" value=":app" />
  </properties>
  <testcase name="flushedStrokesSurviveALossOfTheProcess" classname="com.notes.school.CrashRecoveryTest" time="1.867">
    <failure>java.lang.AssertionError: expected:&lt;25&gt; but was:&lt;24&gt;
at org.junit.Assert.fail(Assert.java:89)
at org.junit.Assert.failNotEquals(Assert.java:835)
at org.junit.Assert.assertEquals(Assert.java:120)
at org.junit.Assert.assertEquals(Assert.java:146)
at com.notes.school.CrashRecoveryTest$flushedStrokesSurviveALossOfTheProcess$1.invokeSuspend(CrashRecoveryTest.kt:63)
at kotlin.coroutines.jvm.internal.BaseContinuationImpl.resumeWith(ContinuationImpl.kt:33)
at kotlinx.coroutines.DispatchedTask.run(DispatchedTask.kt:104)
at kotlinx.coroutines.EventLoopImplBase.processNextEvent(EventLoop.common.kt:277)
at kotlinx.coroutines.BlockingCoroutine.joinBlocking(Builders.kt:95)
at kotlinx.coroutines.BuildersKt__BuildersKt.runBlocking(Builders.kt:69)
at kotlinx.coroutines.BuildersKt.runBlocking(Unknown Source:1)
at kotlinx.coroutines.BuildersKt__BuildersKt.runBlocking$default(Builders.kt:48)
at kotlinx.coroutines.BuildersKt.runBlocking$default(Unknown Source:1)
at com.notes.school.CrashRecoveryTest.flushedStrokesSurviveALossOfTheProcess(CrashRecoveryTest.kt:45)
</failure>
  </testcase>
  <testcase name="theInputPathStaysInsideTheFrameBudgetAtP95" classname="com.notes.school.InkLatencyTest" time="0.027" />
  <testcase name="aLongStrokeDoesNotDegradeSampleHandlingOverTime" classname="com.notes.school.InkLatencyTest" time="0.106" />
  <testcase name="aPalmArrivingAfterALockedPenIsRejectedAtLeast99PercentOfTheTime" classname="com.notes.school.PalmScenarioTest" time="0.028" />
  <testcase name="palmFirstAmbiguousResultsAreRecordedSeparatelyRatherThanAsserted" classname="com.notes.school.PalmScenarioTest" time="0.004" />
  <testcase name="slowDotsAreRecognizedAsPen" classname="com.notes.school.PalmScenarioTest" time="0.004" />
  <testcase name="fastPenStrokesRemainUnlocked" classname="com.notes.school.PalmScenarioTest" time="0.003" />
</testsuite>