<?xml version="1.0" encoding="UTF-8"?>
<testsuite name="com.notes.school.SecretsAbsentTest" tests="2" skipped="0" failures="0" errors="0" timestamp="2026-08-22T14:26:33" hostname="DESKTOP-5LP1CJ6" time="0.041">
  <properties/>
  <testcase name="theBackendBaseUrlIsTheRestrictedNotesServiceOnHttps" classname="com.notes.school.SecretsAbsentTest" time="0.002"/>
  <testcase name="noSourceOrResourceFileContainsAPrivilegedToken" classname="com.notes.school.SecretsAbsentTest" time="0.039"/>
  <system-out><![CDATA[]]></system-out>
  <system-err><![CDATA[]]></system-err>
</testsuite>
