<?xml version="1.0" encoding="UTF-8"?>
<testsuite name="com.notes.school.ui.NavigationTest" tests="3" skipped="0" failures="3" errors="0" timestamp="2026-08-22T14:26:30" hostname="DESKTOP-5LP1CJ6" time="1.638">
  <properties/>
  <testcase name="theSidebarSettingsEntryOpensTheSettingsScreen" classname="com.notes.school.ui.NavigationTest" time="1.591">
    <failure message="java.lang.RuntimeException: Unable to resolve activity for Intent { act=android.intent.action.MAIN cat=[android.intent.category.LAUNCHER] cmp=com.notes.school/androidx.activity.ComponentActivity } -- see https://github.com/robolectric/robolectric/pull/4736 for details" type="java.lang.RuntimeException">java.lang.RuntimeException: Unable to resolve activity for Intent { act=android.intent.action.MAIN cat=[android.intent.category.LAUNCHER] cmp=com.notes.school/androidx.activity.ComponentActivity } -- see https://github.com/robolectric/robolectric/pull/4736 for details
	at org.robolectric.android.internal.RoboMonitoringInstrumentation.startActivitySyncInternal(RoboMonitoringInstrumentation.java:101)
	at org.robolectric.android.internal.LocalActivityInvoker.startActivity(LocalActivityInvoker.java:36)
	at org.robolectric.android.internal.LocalActivityInvoker.startActivity(LocalActivityInvoker.java:41)
	at androidx.test.core.app.ActivityScenario.launchInternal(ActivityScenario.java:367)
	at androidx.test.core.app.ActivityScenario.launch(ActivityScenario.java:203)
	at androidx.test.ext.junit.rules.ActivityScenarioRule.lambda$new$0(ActivityScenarioRule.java:77)
	at androidx.test.ext.junit.rules.ActivityScenarioRule$$ExternalSyntheticLambda1.get(D8$$SyntheticClass)
	at androidx.test.ext.junit.rules.ActivityScenarioRule.before(ActivityScenarioRule.java:110)
	at org.junit.rules.ExternalResource$1.evaluate(ExternalResource.java:50)
	at androidx.compose.ui.test.junit4.AndroidComposeTestRule$apply$1$evaluate$1.invoke(AndroidComposeTestRule.android.kt:272)
	at androidx.compose.ui.test.junit4.AndroidComposeTestRule$apply$1$evaluate$1.invoke(AndroidComposeTestRule.android.kt:271)
	at androidx.compose.ui.test.AndroidComposeUiTestEnvironment$AndroidComposeUiTestImpl.withDisposableContent(ComposeUiTest.android.kt:495)
	at androidx.compose.ui.test.AndroidComposeUiTestEnvironment$runTest$1$1$1$1$1$1.invoke(ComposeUiTest.android.kt:327)
	at androidx.compose.ui.test.AndroidComposeUiTestEnvironment.withComposeIdlingResource(ComposeUiTest.android.kt:379)
	at androidx.compose.ui.test.AndroidComposeUiTestEnvironment.access$withComposeIdlingResource(ComposeUiTest.android.kt:230)
	at androidx.compose.ui.test.AndroidComposeUiTestEnvironment$runTest$1$1$1$1$1.invoke(ComposeUiTest.android.kt:326)
	at androidx.compose.ui.test.AndroidComposeUiTestEnvironment.withWindowRecomposer(ComposeUiTest.android.kt:353)
	at androidx.compose.ui.test.AndroidComposeUiTestEnvironment.access$withWindowRecomposer(ComposeUiTest.android.kt:230)
	at androidx.compose.ui.test.AndroidComposeUiTestEnvironment$runTest$1$1$1$1.invoke(ComposeUiTest.android.kt:325)
	at androidx.compose.ui.test.AndroidComposeUiTestEnvironment.withTestCoroutines(ComposeUiTest.android.kt:366)
	at androidx.compose.ui.test.AndroidComposeUiTestEnvironment.access$withTestCoroutines(ComposeUiTest.android.kt:230)
	at androidx.compose.ui.test.AndroidComposeUiTestEnvironment$runTest$1$1$1.invoke(ComposeUiTest.android.kt:324)
	at androidx.compose.ui.test.junit4.IdlingStrategy.withStrategy(IdlingStrategy.android.kt:52)
	at androidx.compose.ui.test.AndroidComposeUiTestEnvironment$runTest$1$1.invoke(ComposeUiTest.android.kt:323)
	at androidx.compose.ui.test.junit4.IdlingResourceRegistry.withRegistry(IdlingResourceRegistry.jvm.kt:157)
	at androidx.compose.ui.test.AndroidComposeUiTestEnvironment$runTest$1.invoke(ComposeUiTest.android.kt:322)
	at androidx.compose.ui.test.junit4.ComposeRootRegistry.withRegistry(ComposeRootRegistry.android.kt:146)
	at androidx.compose.ui.test.AndroidComposeUiTestEnvironment.runTest(ComposeUiTest.android.kt:321)
	at androidx.compose.ui.test.junit4.AndroidComposeTestRule$apply$1.evaluate(AndroidComposeTestRule.android.kt:271)
	at org.junit.runners.ParentRunner$3.evaluate(ParentRunner.java:306)
	at org.robolectric.RobolectricTestRunner$HelperTestRunner$1.evaluate(RobolectricTestRunner.java:489)
	at org.robolectric.internal.SandboxTestRunner$2.lambda$evaluate$2(SandboxTestRunner.java:291)
	at org.robolectric.internal.bytecode.Sandbox.lambda$runOnMainThread$0(Sandbox.java:104)
	at java.base/java.util.concurrent.FutureTask.run(Unknown Source)
	at java.base/java.util.concurrent.ThreadPoolExecutor.runWorker(Unknown Source)
	at java.base/java.util.concurrent.ThreadPoolExecutor$Worker.run(Unknown Source)
	at java.base/java.lang.Thread.run(Unknown Source)
</failure>
  </testcase>
  <testcase name="theAppStartsOnTheFileOverview" classname="com.notes.school.ui.NavigationTest" time="0.023">
    <failure message="java.lang.RuntimeException: Unable to resolve activity for Intent { act=android.intent.action.MAIN cat=[android.intent.category.LAUNCHER] cmp=com.notes.school/androidx.activity.ComponentActivity } -- see https://github.com/robolectric/robolectric/pull/4736 for details" type="java.lang.RuntimeException">java.lang.RuntimeException: Unable to resolve activity for Intent { act=android.intent.action.MAIN cat=[android.intent.category.LAUNCHER] cmp=com.notes.school/androidx.activity.ComponentActivity } -- see https://github.com/robolectric/robolectric/pull/4736 for details
	at org.robolectric.android.internal.RoboMonitoringInstrumentation.startActivitySyncInternal(RoboMonitoringInstrumentation.java:101)
	at org.robolectric.android.internal.LocalActivityInvoker.startActivity(LocalActivityInvoker.java:36)
	at org.robolectric.android.internal.LocalActivityInvoker.startActivity(LocalActivityInvoker.java:41)
	at androidx.test.core.app.ActivityScenario.launchInternal(ActivityScenario.java:367)
	at androidx.test.core.app.ActivityScenario.launch(ActivityScenario.java:203)
	at androidx.test.ext.junit.rules.ActivityScenarioRule.lambda$new$0(ActivityScenarioRule.java:77)
	at androidx.test.ext.junit.rules.ActivityScenarioRule$$ExternalSyntheticLambda1.get(D8$$SyntheticClass)
	at androidx.test.ext.junit.rules.ActivityScenarioRule.before(ActivityScenarioRule.java:110)
	at org.junit.rules.ExternalResource$1.evaluate(ExternalResource.java:50)
	at androidx.compose.ui.test.junit4.AndroidComposeTestRule$apply$1$evaluate$1.invoke(AndroidComposeTestRule.android.kt:272)
	at androidx.compose.ui.test.junit4.AndroidComposeTestRule$apply$1$evaluate$1.invoke(AndroidComposeTestRule.android.kt:271)
	at androidx.compose.ui.test.AndroidComposeUiTestEnvironment$AndroidComposeUiTestImpl.withDisposableContent(ComposeUiTest.android.kt:495)
	at androidx.compose.ui.test.AndroidComposeUiTestEnvironment$runTest$1$1$1$1$1$1.invoke(ComposeUiTest.android.kt:327)
	at androidx.compose.ui.test.AndroidComposeUiTestEnvironment.withComposeIdlingResource(ComposeUiTest.android.kt:379)
	at androidx.compose.ui.test.AndroidComposeUiTestEnvironment.access$withComposeIdlingResource(ComposeUiTest.android.kt:230)
	at androidx.compose.ui.test.AndroidComposeUiTestEnvironment$runTest$1$1$1$1$1.invoke(ComposeUiTest.android.kt:326)
	at androidx.compose.ui.test.AndroidComposeUiTestEnvironment.withWindowRecomposer(ComposeUiTest.android.kt:353)
	at androidx.compose.ui.test.AndroidComposeUiTestEnvironment.access$withWindowRecomposer(ComposeUiTest.android.kt:230)
	at androidx.compose.ui.test.AndroidComposeUiTestEnvironment$runTest$1$1$1$1.invoke(ComposeUiTest.android.kt:325)
	at androidx.compose.ui.test.AndroidComposeUiTestEnvironment.withTestCoroutines(ComposeUiTest.android.kt:366)
	at androidx.compose.ui.test.AndroidComposeUiTestEnvironment.access$withTestCoroutines(ComposeUiTest.android.kt:230)
	at androidx.compose.ui.test.AndroidComposeUiTestEnvironment$runTest$1$1$1.invoke(ComposeUiTest.android.kt:324)
	at androidx.compose.ui.test.junit4.IdlingStrategy.withStrategy(IdlingStrategy.android.kt:52)
	at androidx.compose.ui.test.AndroidComposeUiTestEnvironment$runTest$1$1.invoke(ComposeUiTest.android.kt:323)
	at androidx.compose.ui.test.junit4.IdlingResourceRegistry.withRegistry(IdlingResourceRegistry.jvm.kt:157)
	at androidx.compose.ui.test.AndroidComposeUiTestEnvironment$runTest$1.invoke(ComposeUiTest.android.kt:322)
	at androidx.compose.ui.test.junit4.ComposeRootRegistry.withRegistry(ComposeRootRegistry.android.kt:146)
	at androidx.compose.ui.test.AndroidComposeUiTestEnvironment.runTest(ComposeUiTest.android.kt:321)
	at androidx.compose.ui.test.junit4.AndroidComposeTestRule$apply$1.evaluate(AndroidComposeTestRule.android.kt:271)
	at org.junit.runners.ParentRunner$3.evaluate(ParentRunner.java:306)
	at org.robolectric.RobolectricTestRunner$HelperTestRunner$1.evaluate(RobolectricTestRunner.java:489)
	at org.robolectric.internal.SandboxTestRunner$2.lambda$evaluate$2(SandboxTestRunner.java:291)
	at org.robolectric.internal.bytecode.Sandbox.lambda$runOnMainThread$0(Sandbox.java:104)
	at java.base/java.util.concurrent.FutureTask.run(Unknown Source)
	at java.base/java.util.concurrent.ThreadPoolExecutor.runWorker(Unknown Source)
	at java.base/java.util.concurrent.ThreadPoolExecutor$Worker.run(Unknown Source)
	at java.base/java.lang.Thread.run(Unknown Source)
</failure>
  </testcase>
  <testcase name="editorRouteBuildsWithTheDocumentId" classname="com.notes.school.ui.NavigationTest" time="0.024">
    <failure message="java.lang.RuntimeException: Unable to resolve activity for Intent { act=android.intent.action.MAIN cat=[android.intent.category.LAUNCHER] cmp=com.notes.school/androidx.activity.ComponentActivity } -- see https://github.com/robolectric/robolectric/pull/4736 for details" type="java.lang.RuntimeException">java.lang.RuntimeException: Unable to resolve activity for Intent { act=android.intent.action.MAIN cat=[android.intent.category.LAUNCHER] cmp=com.notes.school/androidx.activity.ComponentActivity } -- see https://github.com/robolectric/robolectric/pull/4736 for details
	at org.robolectric.android.internal.RoboMonitoringInstrumentation.startActivitySyncInternal(RoboMonitoringInstrumentation.java:101)
	at org.robolectric.android.internal.LocalActivityInvoker.startActivity(LocalActivityInvoker.java:36)
	at org.robolectric.android.internal.LocalActivityInvoker.startActivity(LocalActivityInvoker.java:41)
	at androidx.test.core.app.ActivityScenario.launchInternal(ActivityScenario.java:367)
	at androidx.test.core.app.ActivityScenario.launch(ActivityScenario.java:203)
	at androidx.test.ext.junit.rules.ActivityScenarioRule.lambda$new$0(ActivityScenarioRule.java:77)
	at androidx.test.ext.junit.rules.ActivityScenarioRule$$ExternalSyntheticLambda1.get(D8$$SyntheticClass)
	at androidx.test.ext.junit.rules.ActivityScenarioRule.before(ActivityScenarioRule.java:110)
	at org.junit.rules.ExternalResource$1.evaluate(ExternalResource.java:50)
	at androidx.compose.ui.test.junit4.AndroidComposeTestRule$apply$1$evaluate$1.invoke(AndroidComposeTestRule.android.kt:272)
	at androidx.compose.ui.test.junit4.AndroidComposeTestRule$apply$1$evaluate$1.invoke(AndroidComposeTestRule.android.kt:271)
	at androidx.compose.ui.test.AndroidComposeUiTestEnvironment$AndroidComposeUiTestImpl.withDisposableContent(ComposeUiTest.android.kt:495)
	at androidx.compose.ui.test.AndroidComposeUiTestEnvironment$runTest$1$1$1$1$1$1.invoke(ComposeUiTest.android.kt:327)
	at androidx.compose.ui.test.AndroidComposeUiTestEnvironment.withComposeIdlingResource(ComposeUiTest.android.kt:379)
	at androidx.compose.ui.test.AndroidComposeUiTestEnvironment.access$withComposeIdlingResource(ComposeUiTest.android.kt:230)
	at androidx.compose.ui.test.AndroidComposeUiTestEnvironment$runTest$1$1$1$1$1.invoke(ComposeUiTest.android.kt:326)
	at androidx.compose.ui.test.AndroidComposeUiTestEnvironment.withWindowRecomposer(ComposeUiTest.android.kt:353)
	at androidx.compose.ui.test.AndroidComposeUiTestEnvironment.access$withWindowRecomposer(ComposeUiTest.android.kt:230)
	at androidx.compose.ui.test.AndroidComposeUiTestEnvironment$runTest$1$1$1$1.invoke(ComposeUiTest.android.kt:325)
	at androidx.compose.ui.test.AndroidComposeUiTestEnvironment.withTestCoroutines(ComposeUiTest.android.kt:366)
	at androidx.compose.ui.test.AndroidComposeUiTestEnvironment.access$withTestCoroutines(ComposeUiTest.android.kt:230)
	at androidx.compose.ui.test.AndroidComposeUiTestEnvironment$runTest$1$1$1.invoke(ComposeUiTest.android.kt:324)
	at androidx.compose.ui.test.junit4.IdlingStrategy.withStrategy(IdlingStrategy.android.kt:52)
	at androidx.compose.ui.test.AndroidComposeUiTestEnvironment$runTest$1$1.invoke(ComposeUiTest.android.kt:323)
	at androidx.compose.ui.test.junit4.IdlingResourceRegistry.withRegistry(IdlingResourceRegistry.jvm.kt:157)
	at androidx.compose.ui.test.AndroidComposeUiTestEnvironment$runTest$1.invoke(ComposeUiTest.android.kt:322)
	at androidx.compose.ui.test.junit4.ComposeRootRegistry.withRegistry(ComposeRootRegistry.android.kt:146)
	at androidx.compose.ui.test.AndroidComposeUiTestEnvironment.runTest(ComposeUiTest.android.kt:321)
	at androidx.compose.ui.test.junit4.AndroidComposeTestRule$apply$1.evaluate(AndroidComposeTestRule.android.kt:271)
	at org.junit.runners.ParentRunner$3.evaluate(ParentRunner.java:306)
	at org.robolectric.RobolectricTestRunner$HelperTestRunner$1.evaluate(RobolectricTestRunner.java:489)
	at org.robolectric.internal.SandboxTestRunner$2.lambda$evaluate$2(SandboxTestRunner.java:291)
	at org.robolectric.internal.bytecode.Sandbox.lambda$runOnMainThread$0(Sandbox.java:104)
	at java.base/java.util.concurrent.FutureTask.run(Unknown Source)
	at java.base/java.util.concurrent.ThreadPoolExecutor.runWorker(Unknown Source)
	at java.base/java.util.concurrent.ThreadPoolExecutor$Worker.run(Unknown Source)
	at java.base/java.lang.Thread.run(Unknown Source)
</failure>
  </testcase>
  <system-out><![CDATA[]]></system-out>
  <system-err><![CDATA[]]></system-err>
</testsuite>
